<?xml version="1.0" encoding="UTF-8"?>
<testng-results skipped="0" failed="0" ignored="0" total="1" passed="1">
  <reporter-output>
  </reporter-output>
  <suite name="Default suite" duration-ms="12411" started-at="2018-07-04T05:30:29Z" finished-at="2018-07-04T05:30:42Z">
    <groups>
    </groups>
    <test name="Default test" duration-ms="12411" started-at="2018-07-04T05:30:29Z" finished-at="2018-07-04T05:30:42Z">
      <class name="testcases.TC001">
        <test-method status="PASS" signature="abc()[pri:0, instance:testcases.TC001@7b69c6ba]" name="abc" duration-ms="12386" started-at="2018-07-04T05:30:29Z" finished-at="2018-07-04T05:30:42Z">
          <reporter-output>
          </reporter-output>
        </test-method> <!-- abc -->
      </class> <!-- testcases.TC001 -->
    </test> <!-- Default test -->
  </suite> <!-- Default suite -->
</testng-results>
